<?xml version="1.0" encoding="UTF-8" ?>
<testsuites errors="1"
            failures="1"
            tests="1">

  <testsuite name="with-page-objects.google"
    errors="1" failures="1" hostname="" id="" package="with-page-objects" skipped="0"
    tests="1" time="13.39" timestamp="">
  
    <testcase name="should find nightwatch.js in results" classname="with-page-objects.google" time="6.409" assertions="1">  <failure message="Timed out while waiting for element &lt;input[value=&#34;Google Search&#34;]&gt; to be present for 1000 milliseconds. - expected &#34;visible&#34; but got: &#34;not found&#34; (1038ms)">    at Page.submit (D:\Users\odilo\Documents\IMT Mines Ales\A2\Validation des logiciels\quality-env-tests\nightwatch\page-objects\google\search.js:17:10)
    at DescribeInstance.&lt;anonymous&gt; (D:\Users\odilo\Documents\IMT Mines Ales\A2\Validation des logiciels\quality-env-tests\nightwatch\examples\with-page-objects\google.js:20:14)</failure>

    
    <error message="Timed out while waiting for element &lt;input[value=&#34;Google Search&#34;]&gt; to be present for 1000 milliseconds. - expected [32m&#34;visible&#34;[39m but got: [31m&#34;not found&#34;[39m [90m(1038ms)[39m" type="error"><![CDATA[
    Error
    at Command.executeCommand (D:\Users\odilo\Documents\IMT Mines Ales\A2\Validation des logiciels\quality-env-tests\node_modules\nightwatch\lib\page-object\command-wrapper.js:281:22)
    at Page.waitForElementVisible (D:\Users\odilo\Documents\IMT Mines Ales\A2\Validation des logiciels\quality-env-tests\node_modules\nightwatch\lib\page-object\command-wrapper.js:86:27)
    at Page.submit (D:\Users\odilo\Documents\IMT Mines Ales\A2\Validation des logiciels\quality-env-tests\nightwatch\page-objects\google\search.js:17:10)
    at DescribeInstance.&lt;anonymous&gt; (D:\Users\odilo\Documents\IMT Mines Ales\A2\Validation des logiciels\quality-env-tests\nightwatch\examples\with-page-objects\google.js:20:14)
    at Context.call (D:\Users\odilo\Documents\IMT Mines Ales\A2\Validation des logiciels\quality-env-tests\node_modules\nightwatch\lib\testsuite\context.js:528:43)
    at TestCase.run (D:\Users\odilo\Documents\IMT Mines Ales\A2\Validation des logiciels\quality-env-tests\node_modules\nightwatch\lib\testsuite\testcase.js:58:31)
    at Runnable.__runFn (D:\Users\odilo\Documents\IMT Mines Ales\A2\Validation des logiciels\quality-env-tests\node_modules\nightwatch\lib\testsuite\index.js:839:80)
    at Runnable.run (D:\Users\odilo\Documents\IMT Mines Ales\A2\Validation des logiciels\quality-env-tests\node_modules\nightwatch\lib\testsuite\runnable.js:126:21)
    at TestSuite.executeRunnable (D:\Users\odilo\Documents\IMT Mines Ales\A2\Validation des logiciels\quality-env-tests\node_modules\nightwatch\lib\testsuite\index.js:1000:49)
    at TestSuite.handleRunnable (D:\Users\odilo\Documents\IMT Mines Ales\A2\Validation des logiciels\quality-env-tests\node_modules\nightwatch\lib\testsuite\index.js:1015:33)
    ]]></error>
    
    </testcase>
  

  
    <system-err>
       NoSuchWindowError
   Unable to navigate to url https://nightwatchjs.org: no such window: target window already closed
from unknown error: web view not found
  (Session info: chrome=131.0.6778.265)
 NoSuchWindowError
   Error while running &#34;navigateTo&#34; command: [NoSuchWindowError] Unable to navigate to url https://nightwatchjs.org: no such window: target window already closed
from unknown error: web view not found
  (Session info: chrome=131.0.6778.265)

    Error location:
    D:\Users\odilo\Documents\IMT Mines Ales\A2\Validation des logiciels\quality-env-tests\nightwatch\examples\accessibilty-tests\websiteAccessibility.js:11
    ––––––––––––––––––––––––––––––––––––––––––––––––––––––––––––––––––––––––––––––––––––––––––––––––––––––––––––––––––––––––––––––––––––––––––––––––––––––
     9 |   
     10 |   before(async function() {
     11 |     browser.navigateTo(&#39;https://nightwatchjs.org&#39;); 
     12 |     await browser.axeInject();
     13 |   });
    ––––––––––––––––––––––––––––––––––––––––––––––––––––––––––––––––––––––––––––––––––––––––––––––––––––––––––––––––––––––––––––––––––––––––––––––––––––––

 NoSuchElementError
   An error occurred while running .setValue() command on &lt;Element [name=@searchBar]&gt;: Timed out while waiting for element &#34;textarea[name=q]&#34; with &#34;css selector&#34; to be present for 5000 milliseconds.
    {&#34;error&#34;:{&#34;name&#34;:&#34;NoSuchWindowError&#34;,&#34;remoteStacktrace&#34;:&#34;&#34;},&#34;status&#34;:-1,&#34;value&#34;:null}

    Try fixing by :
    1. Please inspect the html before the step
    2. Verify if an element with the mentioned selector is present in the DOM tree

    Error location:
    D:\Users\odilo\Documents\IMT Mines Ales\A2\Validation des logiciels\quality-env-tests\nightwatch\examples\with-page-objects\google.js:19
    –––––––––––––––––––––––––––––––––––––––––––––––––––––––––––––––––––––––––––––––––––––––––––––––––––––––––––––––––––––––––––––––––––––––
     17 | 
     18 |   it(&#39;should find nightwatch.js in results&#39;, function(browser) {
     19 |     homePage.setValue(&#39;@searchBar&#39;, &#39;Nightwatch.js&#39;); 
     20 |     homePage.submit();
     21 | 
    –––––––––––––––––––––––––––––––––––––––––––––––––––––––––––––––––––––––––––––––––––––––––––––––––––––––––––––––––––––––––––––––––––––––

 NoSuchWindowError
   no such window: target window already closed
from unknown error: web view not found
  (Session info: chrome=131.0.6778.265)
 NoSuchElementError
   An error occurred while running .sendKeys() command on &lt;[ng-model=&#34;todoList.todoText&#34;]&gt;: Timed out while waiting for element &#34;[ng-model=&#34;todoList.todoText&#34;]&#34; with &#34;css selector&#34; to be present for 5000 milliseconds.
    {&#34;error&#34;:{&#34;name&#34;:&#34;NoSuchWindowError&#34;,&#34;remoteStacktrace&#34;:&#34;&#34;},&#34;status&#34;:-1,&#34;value&#34;:null}

    Try fixing by :
    1. Please inspect the html before the step
    2. Verify if an element with the mentioned selector is present in the DOM tree

    Error location:
    D:\Users\odilo\Documents\IMT Mines Ales\A2\Validation des logiciels\quality-env-tests\nightwatch\examples\with-custom-commands\angularTodo.js:15
    –––––––––––––––––––––––––––––––––––––––––––––––––––––––––––––––––––––––––––––––––––––––––––––––––––––––––––––––––––––––––––––––––––––––––––––––
     13 |     const elements = await browser
     14 |       .navigateTo(&#39;https://angularjs.org&#39;)
     15 |       .sendKeys(&#39;[ng-model=&#34;todoList.todoText&#34;]&#39;, &#39;what is nightwatch?&#39;) 
     16 |       .click(&#39;[value=&#34;add&#34;]&#39;)
     17 |       .angular.getElementsInList(&#39;todoList.todos&#39;); // use of custom-command
    –––––––––––––––––––––––––––––––––––––––––––––––––––––––––––––––––––––––––––––––––––––––––––––––––––––––––––––––––––––––––––––––––––––––––––––––

 NoSuchElementError
   An error occurred while running .click() command on &lt;[value=&#34;add&#34;]&gt;: Timed out while waiting for element &#34;[value=&#34;add&#34;]&#34; with &#34;css selector&#34; to be present for 5000 milliseconds.
    {&#34;error&#34;:{&#34;name&#34;:&#34;NoSuchWindowError&#34;,&#34;remoteStacktrace&#34;:&#34;&#34;},&#34;status&#34;:-1,&#34;value&#34;:null}

    Try fixing by :
    1. Please inspect the html before the step
    2. Verify if an element with the mentioned selector is present in the DOM tree

    Error location:
    D:\Users\odilo\Documents\IMT Mines Ales\A2\Validation des logiciels\quality-env-tests\nightwatch\examples\with-custom-commands\angularTodo.js:16
    –––––––––––––––––––––––––––––––––––––––––––––––––––––––––––––––––––––––––––––––––––––––––––––––––––––––––––––––––––––––––––––––––––––––––––––––
     14 |       .navigateTo(&#39;https://angularjs.org&#39;)
     15 |       .sendKeys(&#39;[ng-model=&#34;todoList.todoText&#34;]&#39;, &#39;what is nightwatch?&#39;)
     16 |       .click(&#39;[value=&#34;add&#34;]&#39;) 
     17 |       .angular.getElementsInList(&#39;todoList.todos&#39;); // use of custom-command
     18 | 
    –––––––––––––––––––––––––––––––––––––––––––––––––––––––––––––––––––––––––––––––––––––––––––––––––––––––––––––––––––––––––––––––––––––––––––––––

    </system-err>
  

    

  
  </testsuite>
</testsuites>
